<?xml version="1.0" encoding="UTF-8"?>
<testsuite name="com.tran16.tests.ContactDeletionTest" tests="1" skipped="0" failures="0" errors="0" timestamp="2018-08-06T17:46:47" hostname="DESKTOP-KFEGBU6" time="3.486">
  <properties/>
  <testcase name="contactDeletionTest" classname="com.tran16.tests.ContactDeletionTest" time="3.486"/>
  <system-out><![CDATA[]]></system-out>
  <system-err><![CDATA[]]></system-err>
</testsuite>
