<?xml version="1.0" encoding="UTF-8"?>
<testsuite name="com.tran16.tests.ContactCreationTests" tests="1" skipped="0" failures="0" errors="0" timestamp="2018-08-25T16:20:48" hostname="DESKTOP-KFEGBU6" time="16.537">
  <properties/>
  <testcase name="testContactCreation" classname="com.tran16.tests.ContactCreationTests" time="16.537"/>
  <system-out><![CDATA[19:20:48.401 [Test worker] INFO  com.tran16.tests.TestBase - Start test testContactCreation
elementBy.xpath: //table[@id='maintable']
19:20:53.802 [Test worker] ERROR com.tran16.tests.TestBase - ERROR!!!screen-1535214053801.pngorg.openqa.selenium.NoSuchElementException: no such element: Unable to locate element: {"method":"xpath","selector":"//table[@id='maintable']"}
  (Session info: chrome=68.0.3440.106)
  (Driver info: chromedriver=2.40.565498 (ea082db3280dd6843ebfb08a625e3eb905c4f5ab),platform=Windows NT 10.0.17134 x86_64) (WARNING: The server did not provide any stacktrace information)
Command duration or timeout: 0 milliseconds
For documentation on this error, please visit: http://seleniumhq.org/exceptions/no_such_element.html
Build info: version: '3.14.0', revision: 'aacccce0', time: '2018-08-02T20:19:58.91Z'
System info: host: 'DESKTOP-KFEGBU6', ip: '192.168.1.14', os.name: 'Windows 10', os.arch: 'amd64', os.version: '10.0', java.version: '1.8.0_171'
Driver info: org.openqa.selenium.chrome.ChromeDriver
Capabilities {acceptInsecureCerts: false, acceptSslCerts: false, applicationCacheEnabled: false, browserConnectionEnabled: false, browserName: chrome, chrome: {chromedriverVersion: 2.40.565498 (ea082db3280dd6..., userDataDir: C:\Users\vodya\AppData\Loca...}, cssSelectorsEnabled: true, databaseEnabled: false, handlesAlerts: true, hasTouchScreen: false, javascriptEnabled: true, locationContextEnabled: true, mobileEmulationEnabled: false, nativeEvents: true, networkConnectionEnabled: false, pageLoadStrategy: normal, platform: XP, platformName: XP, rotatable: false, setWindowRect: true, takesHeapSnapshot: true, takesScreenshot: true, unexpectedAlertBehaviour: , unhandledPromptBehavior: , version: 68.0.3440.106, webStorageEnabled: true}
Session ID: a4dd1ef2209f5e2dd6395a3befcafc2f
*** Element info: {Using=xpath, value=//table[@id='maintable']}
elementBy.xpath: //a[contains(text(),'home')]
19:20:53.826 [Test worker] INFO  com.tran16.tests.TestBase - By.xpath: //a[contains(text(),'home')]found
elementBy.name: entry
19:20:54.114 [Test worker] INFO  com.tran16.tests.TestBase - By.name: entryfound
elementBy.tagName: td
19:20:54.138 [Test worker] INFO  com.tran16.tests.TestBase - By.tagName: tdfound
elementBy.name: selected[]
19:20:54.159 [Test worker] INFO  com.tran16.tests.TestBase - By.name: selected[]found
elementBy.tagName: td
19:20:54.243 [Test worker] INFO  com.tran16.tests.TestBase - By.tagName: tdfound
elementBy.name: selected[]
19:20:54.266 [Test worker] INFO  com.tran16.tests.TestBase - By.name: selected[]found
elementBy.tagName: td
19:20:54.344 [Test worker] INFO  com.tran16.tests.TestBase - By.tagName: tdfound
elementBy.name: selected[]
19:20:54.366 [Test worker] INFO  com.tran16.tests.TestBase - By.name: selected[]found
elementBy.tagName: td
19:20:54.445 [Test worker] INFO  com.tran16.tests.TestBase - By.tagName: tdfound
elementBy.name: selected[]
19:20:54.471 [Test worker] INFO  com.tran16.tests.TestBase - By.name: selected[]found
elementBy.tagName: td
19:20:54.549 [Test worker] INFO  com.tran16.tests.TestBase - By.tagName: tdfound
elementBy.name: selected[]
19:20:54.584 [Test worker] INFO  com.tran16.tests.TestBase - By.name: selected[]found
elementBy.tagName: td
19:20:54.673 [Test worker] INFO  com.tran16.tests.TestBase - By.tagName: tdfound
elementBy.name: selected[]
19:20:54.697 [Test worker] INFO  com.tran16.tests.TestBase - By.name: selected[]found
elementBy.tagName: td
19:20:54.778 [Test worker] INFO  com.tran16.tests.TestBase - By.tagName: tdfound
elementBy.name: selected[]
19:20:54.810 [Test worker] INFO  com.tran16.tests.TestBase - By.name: selected[]found
elementBy.tagName: td
19:20:54.911 [Test worker] INFO  com.tran16.tests.TestBase - By.tagName: tdfound
elementBy.name: selected[]
19:20:54.937 [Test worker] INFO  com.tran16.tests.TestBase - By.name: selected[]found
elementBy.tagName: td
19:20:55.046 [Test worker] INFO  com.tran16.tests.TestBase - By.tagName: tdfound
elementBy.name: selected[]
19:20:55.082 [Test worker] INFO  com.tran16.tests.TestBase - By.name: selected[]found
elementBy.tagName: td
19:20:55.192 [Test worker] INFO  com.tran16.tests.TestBase - By.tagName: tdfound
elementBy.name: selected[]
19:20:55.222 [Test worker] INFO  com.tran16.tests.TestBase - By.name: selected[]found
elementBy.tagName: td
19:20:55.323 [Test worker] INFO  com.tran16.tests.TestBase - By.tagName: tdfound
elementBy.name: selected[]
19:20:55.346 [Test worker] INFO  com.tran16.tests.TestBase - By.name: selected[]found
elementBy.tagName: td
19:20:55.434 [Test worker] INFO  com.tran16.tests.TestBase - By.tagName: tdfound
elementBy.name: selected[]
19:20:55.465 [Test worker] INFO  com.tran16.tests.TestBase - By.name: selected[]found
elementBy.tagName: td
19:20:55.574 [Test worker] INFO  com.tran16.tests.TestBase - By.tagName: tdfound
elementBy.name: selected[]
19:20:55.598 [Test worker] INFO  com.tran16.tests.TestBase - By.name: selected[]found
elementBy.tagName: td
19:20:55.698 [Test worker] INFO  com.tran16.tests.TestBase - By.tagName: tdfound
elementBy.name: selected[]
19:20:55.724 [Test worker] INFO  com.tran16.tests.TestBase - By.name: selected[]found
elementBy.tagName: td
19:20:55.810 [Test worker] INFO  com.tran16.tests.TestBase - By.tagName: tdfound
elementBy.name: selected[]
19:20:55.831 [Test worker] INFO  com.tran16.tests.TestBase - By.name: selected[]found
elementBy.tagName: td
19:20:55.916 [Test worker] INFO  com.tran16.tests.TestBase - By.tagName: tdfound
elementBy.name: selected[]
19:20:55.938 [Test worker] INFO  com.tran16.tests.TestBase - By.name: selected[]found
elementBy.tagName: td
19:20:56.019 [Test worker] INFO  com.tran16.tests.TestBase - By.tagName: tdfound
elementBy.name: selected[]
19:20:56.047 [Test worker] INFO  com.tran16.tests.TestBase - By.name: selected[]found
elementBy.tagName: td
19:20:56.137 [Test worker] INFO  com.tran16.tests.TestBase - By.tagName: tdfound
elementBy.name: selected[]
19:20:56.171 [Test worker] INFO  com.tran16.tests.TestBase - By.name: selected[]found
elementBy.tagName: td
19:20:56.247 [Test worker] INFO  com.tran16.tests.TestBase - By.tagName: tdfound
elementBy.name: selected[]
19:20:56.273 [Test worker] INFO  com.tran16.tests.TestBase - By.name: selected[]found
elementBy.tagName: td
19:20:56.379 [Test worker] INFO  com.tran16.tests.TestBase - By.tagName: tdfound
elementBy.name: selected[]
19:20:56.403 [Test worker] INFO  com.tran16.tests.TestBase - By.name: selected[]found
elementBy.tagName: td
19:20:56.485 [Test worker] INFO  com.tran16.tests.TestBase - By.tagName: tdfound
elementBy.name: selected[]
19:20:56.509 [Test worker] INFO  com.tran16.tests.TestBase - By.name: selected[]found
elementBy.tagName: td
19:20:56.616 [Test worker] INFO  com.tran16.tests.TestBase - By.tagName: tdfound
elementBy.name: selected[]
19:20:56.640 [Test worker] INFO  com.tran16.tests.TestBase - By.name: selected[]found
elementBy.tagName: td
19:20:56.729 [Test worker] INFO  com.tran16.tests.TestBase - By.tagName: tdfound
elementBy.name: selected[]
19:20:56.751 [Test worker] INFO  com.tran16.tests.TestBase - By.name: selected[]found
elementBy.tagName: td
19:20:56.830 [Test worker] INFO  com.tran16.tests.TestBase - By.tagName: tdfound
elementBy.name: selected[]
19:20:56.852 [Test worker] INFO  com.tran16.tests.TestBase - By.name: selected[]found
elementBy.xpath: //*[@href='edit.php']
19:20:56.932 [Test worker] INFO  com.tran16.tests.TestBase - By.xpath: //*[@href='edit.php']found
elementBy.name: firstname
19:20:57.284 [Test worker] INFO  com.tran16.tests.TestBase - By.name: firstnamefound
elementBy.name: firstname
19:20:57.393 [Test worker] INFO  com.tran16.tests.TestBase - By.name: firstnamefound
elementBy.name: firstname
19:20:57.450 [Test worker] INFO  com.tran16.tests.TestBase - By.name: firstnamefound
elementBy.name: lastname
19:20:57.548 [Test worker] INFO  com.tran16.tests.TestBase - By.name: lastnamefound
elementBy.name: lastname
19:20:57.627 [Test worker] INFO  com.tran16.tests.TestBase - By.name: lastnamefound
elementBy.name: lastname
19:20:57.665 [Test worker] INFO  com.tran16.tests.TestBase - By.name: lastnamefound
elementBy.name: address
19:20:57.746 [Test worker] INFO  com.tran16.tests.TestBase - By.name: addressfound
elementBy.name: address
19:20:57.827 [Test worker] INFO  com.tran16.tests.TestBase - By.name: addressfound
elementBy.name: address
19:20:57.863 [Test worker] INFO  com.tran16.tests.TestBase - By.name: addressfound
elementBy.name: nickname
19:20:57.941 [Test worker] INFO  com.tran16.tests.TestBase - By.name: nicknamefound
elementBy.name: nickname
19:20:58.014 [Test worker] INFO  com.tran16.tests.TestBase - By.name: nicknamefound
elementBy.name: nickname
19:20:58.055 [Test worker] INFO  com.tran16.tests.TestBase - By.name: nicknamefound
elementBy.name: company
19:20:58.150 [Test worker] INFO  com.tran16.tests.TestBase - By.name: companyfound
elementBy.name: company
19:20:58.225 [Test worker] INFO  com.tran16.tests.TestBase - By.name: companyfound
elementBy.name: company
19:20:58.263 [Test worker] INFO  com.tran16.tests.TestBase - By.name: companyfound
elementBy.name: email
19:20:58.376 [Test worker] INFO  com.tran16.tests.TestBase - By.name: emailfound
elementBy.name: email
19:20:58.455 [Test worker] INFO  com.tran16.tests.TestBase - By.name: emailfound
elementBy.name: email
19:20:58.495 [Test worker] INFO  com.tran16.tests.TestBase - By.name: emailfound
elementBy.name: submit
19:20:58.687 [Test worker] INFO  com.tran16.tests.TestBase - By.name: submitfound
elementBy.name: entry
19:21:02.046 [Test worker] INFO  com.tran16.tests.TestBase - By.name: entryfound
elementBy.tagName: td
19:21:02.076 [Test worker] INFO  com.tran16.tests.TestBase - By.tagName: tdfound
elementBy.name: selected[]
19:21:02.099 [Test worker] INFO  com.tran16.tests.TestBase - By.name: selected[]found
elementBy.tagName: td
19:21:02.174 [Test worker] INFO  com.tran16.tests.TestBase - By.tagName: tdfound
elementBy.name: selected[]
19:21:02.197 [Test worker] INFO  com.tran16.tests.TestBase - By.name: selected[]found
elementBy.tagName: td
19:21:02.281 [Test worker] INFO  com.tran16.tests.TestBase - By.tagName: tdfound
elementBy.name: selected[]
19:21:02.302 [Test worker] INFO  com.tran16.tests.TestBase - By.name: selected[]found
elementBy.tagName: td
19:21:02.378 [Test worker] INFO  com.tran16.tests.TestBase - By.tagName: tdfound
elementBy.name: selected[]
19:21:02.399 [Test worker] INFO  com.tran16.tests.TestBase - By.name: selected[]found
elementBy.tagName: td
19:21:02.474 [Test worker] INFO  com.tran16.tests.TestBase - By.tagName: tdfound
elementBy.name: selected[]
19:21:02.498 [Test worker] INFO  com.tran16.tests.TestBase - By.name: selected[]found
elementBy.tagName: td
19:21:02.580 [Test worker] INFO  com.tran16.tests.TestBase - By.tagName: tdfound
elementBy.name: selected[]
19:21:02.603 [Test worker] INFO  com.tran16.tests.TestBase - By.name: selected[]found
elementBy.tagName: td
19:21:02.681 [Test worker] INFO  com.tran16.tests.TestBase - By.tagName: tdfound
elementBy.name: selected[]
19:21:02.707 [Test worker] INFO  com.tran16.tests.TestBase - By.name: selected[]found
elementBy.tagName: td
19:21:02.810 [Test worker] INFO  com.tran16.tests.TestBase - By.tagName: tdfound
elementBy.name: selected[]
19:21:02.832 [Test worker] INFO  com.tran16.tests.TestBase - By.name: selected[]found
elementBy.tagName: td
19:21:02.911 [Test worker] INFO  com.tran16.tests.TestBase - By.tagName: tdfound
elementBy.name: selected[]
19:21:02.934 [Test worker] INFO  com.tran16.tests.TestBase - By.name: selected[]found
elementBy.tagName: td
19:21:03.012 [Test worker] INFO  com.tran16.tests.TestBase - By.tagName: tdfound
elementBy.name: selected[]
19:21:03.036 [Test worker] INFO  com.tran16.tests.TestBase - By.name: selected[]found
elementBy.tagName: td
19:21:03.117 [Test worker] INFO  com.tran16.tests.TestBase - By.tagName: tdfound
elementBy.name: selected[]
19:21:03.138 [Test worker] INFO  com.tran16.tests.TestBase - By.name: selected[]found
elementBy.tagName: td
19:21:03.214 [Test worker] INFO  com.tran16.tests.TestBase - By.tagName: tdfound
elementBy.name: selected[]
19:21:03.235 [Test worker] INFO  com.tran16.tests.TestBase - By.name: selected[]found
elementBy.tagName: td
19:21:03.335 [Test worker] INFO  com.tran16.tests.TestBase - By.tagName: tdfound
elementBy.name: selected[]
19:21:03.359 [Test worker] INFO  com.tran16.tests.TestBase - By.name: selected[]found
elementBy.tagName: td
19:21:03.446 [Test worker] INFO  com.tran16.tests.TestBase - By.tagName: tdfound
elementBy.name: selected[]
19:21:03.468 [Test worker] INFO  com.tran16.tests.TestBase - By.name: selected[]found
elementBy.tagName: td
19:21:03.540 [Test worker] INFO  com.tran16.tests.TestBase - By.tagName: tdfound
elementBy.name: selected[]
19:21:03.562 [Test worker] INFO  com.tran16.tests.TestBase - By.name: selected[]found
elementBy.tagName: td
19:21:03.644 [Test worker] INFO  com.tran16.tests.TestBase - By.tagName: tdfound
elementBy.name: selected[]
19:21:03.665 [Test worker] INFO  com.tran16.tests.TestBase - By.name: selected[]found
elementBy.tagName: td
19:21:03.748 [Test worker] INFO  com.tran16.tests.TestBase - By.tagName: tdfound
elementBy.name: selected[]
19:21:03.777 [Test worker] INFO  com.tran16.tests.TestBase - By.name: selected[]found
elementBy.tagName: td
19:21:03.854 [Test worker] INFO  com.tran16.tests.TestBase - By.tagName: tdfound
elementBy.name: selected[]
19:21:03.874 [Test worker] INFO  com.tran16.tests.TestBase - By.name: selected[]found
elementBy.tagName: td
19:21:03.950 [Test worker] INFO  com.tran16.tests.TestBase - By.tagName: tdfound
elementBy.name: selected[]
19:21:03.973 [Test worker] INFO  com.tran16.tests.TestBase - By.name: selected[]found
elementBy.tagName: td
19:21:04.072 [Test worker] INFO  com.tran16.tests.TestBase - By.tagName: tdfound
elementBy.name: selected[]
19:21:04.099 [Test worker] INFO  com.tran16.tests.TestBase - By.name: selected[]found
elementBy.tagName: td
19:21:04.180 [Test worker] INFO  com.tran16.tests.TestBase - By.tagName: tdfound
elementBy.name: selected[]
19:21:04.203 [Test worker] INFO  com.tran16.tests.TestBase - By.name: selected[]found
elementBy.tagName: td
19:21:04.281 [Test worker] INFO  com.tran16.tests.TestBase - By.tagName: tdfound
elementBy.name: selected[]
19:21:04.303 [Test worker] INFO  com.tran16.tests.TestBase - By.name: selected[]found
elementBy.tagName: td
19:21:04.380 [Test worker] INFO  com.tran16.tests.TestBase - By.tagName: tdfound
elementBy.name: selected[]
19:21:04.401 [Test worker] INFO  com.tran16.tests.TestBase - By.name: selected[]found
elementBy.tagName: td
19:21:04.477 [Test worker] INFO  com.tran16.tests.TestBase - By.tagName: tdfound
elementBy.name: selected[]
19:21:04.498 [Test worker] INFO  com.tran16.tests.TestBase - By.name: selected[]found
elementBy.tagName: td
19:21:04.576 [Test worker] INFO  com.tran16.tests.TestBase - By.tagName: tdfound
elementBy.name: selected[]
19:21:04.599 [Test worker] INFO  com.tran16.tests.TestBase - By.name: selected[]found
elementBy.linkText: home
19:21:04.687 [Test worker] INFO  com.tran16.tests.TestBase - By.linkText: homefound
]]></system-out>
  <system-err><![CDATA[]]></system-err>
</testsuite>
