<?xml version="1.0" encoding="UTF-8"?>
<testsuite name="com.tran16.tests.GroupDeletionTest" tests="3" skipped="0" failures="0" errors="0" timestamp="2018-08-25T16:20:40" hostname="DESKTOP-KFEGBU6" time="8.289">
  <properties/>
  <testcase name="deletionFirstGroupTest" classname="com.tran16.tests.GroupDeletionTest" time="2.956"/>
  <testcase name="deletionGroupTest2" classname="com.tran16.tests.GroupDeletionTest" time="2.462"/>
  <testcase name="deletionLastGroupTest" classname="com.tran16.tests.GroupDeletionTest" time="2.862"/>
  <system-out><![CDATA[19:20:40.108 [Test worker] INFO  com.tran16.tests.TestBase - Start test deletionFirstGroupTest
elementBy.xpath: //h1[contains(text(),'Groups')]
19:20:40.123 [Test worker] INFO  com.tran16.tests.TestBase - By.xpath: //h1[contains(text(),'Groups')]found
elementBy.name: selected[]
19:20:40.144 [Test worker] INFO  com.tran16.tests.TestBase - By.name: selected[]found
elementBy.cssSelector: span.group
19:20:40.159 [Test worker] INFO  com.tran16.tests.TestBase - By.cssSelector: span.groupfound
elementBy.tagName: input
19:20:40.185 [Test worker] INFO  com.tran16.tests.TestBase - By.tagName: inputfound
elementBy.tagName: input
19:20:40.214 [Test worker] INFO  com.tran16.tests.TestBase - By.tagName: inputfound
elementBy.tagName: input
19:20:40.242 [Test worker] INFO  com.tran16.tests.TestBase - By.tagName: inputfound
elementBy.tagName: input
19:20:40.271 [Test worker] INFO  com.tran16.tests.TestBase - By.tagName: inputfound
elementBy.tagName: input
19:20:40.300 [Test worker] INFO  com.tran16.tests.TestBase - By.tagName: inputfound
elementBy.tagName: input
19:20:40.330 [Test worker] INFO  com.tran16.tests.TestBase - By.tagName: inputfound
[Groupid=0, name='modifiedTestGroupName1'}, Groupid=0, name='modifiedTestGroupName1'}, Groupid=0, name='testGroupName1'}, Groupid=0, name='testGroupName1'}, Groupid=0, name='testGroupName1'}, Groupid=0, name='testGroupName10000000000000000000000000'}]
elementBy.name: selected[]
19:20:40.350 [Test worker] INFO  com.tran16.tests.TestBase - By.name: selected[]found
elementBy.name: delete
19:20:40.433 [Test worker] INFO  com.tran16.tests.TestBase - By.name: deletefound
elementBy.linkText: group page
19:20:40.618 [Test worker] INFO  com.tran16.tests.TestBase - By.linkText: group pagefound
elementBy.cssSelector: span.group
19:20:42.790 [Test worker] INFO  com.tran16.tests.TestBase - By.cssSelector: span.groupfound
elementBy.tagName: input
19:20:42.842 [Test worker] INFO  com.tran16.tests.TestBase - By.tagName: inputfound
elementBy.tagName: input
19:20:42.895 [Test worker] INFO  com.tran16.tests.TestBase - By.tagName: inputfound
elementBy.tagName: input
19:20:42.951 [Test worker] INFO  com.tran16.tests.TestBase - By.tagName: inputfound
elementBy.tagName: input
19:20:43.004 [Test worker] INFO  com.tran16.tests.TestBase - By.tagName: inputfound
elementBy.tagName: input
19:20:43.056 [Test worker] INFO  com.tran16.tests.TestBase - By.tagName: inputfound
[Groupid=0, name='modifiedTestGroupName1'}, Groupid=0, name='testGroupName1'}, Groupid=0, name='testGroupName1'}, Groupid=0, name='testGroupName1'}, Groupid=0, name='testGroupName10000000000000000000000000'}]
elementBy.xpath: //h1[contains(text(),'Groups')]
19:20:43.082 [Test worker] INFO  com.tran16.tests.TestBase - By.xpath: //h1[contains(text(),'Groups')]found
elementBy.name: selected[]
19:20:43.104 [Test worker] INFO  com.tran16.tests.TestBase - By.name: selected[]found
elementBy.name: selected[]
19:20:43.116 [Test worker] INFO  com.tran16.tests.TestBase - By.name: selected[]found
elementBy.name: selected[]
19:20:43.128 [Test worker] INFO  com.tran16.tests.TestBase - By.name: selected[]found
elementBy.name: delete
19:20:43.200 [Test worker] INFO  com.tran16.tests.TestBase - By.name: deletefound
elementBy.linkText: group page
19:20:43.359 [Test worker] INFO  com.tran16.tests.TestBase - By.linkText: group pagefound
elementBy.name: selected[]
19:20:45.527 [Test worker] INFO  com.tran16.tests.TestBase - By.name: selected[]found
elementBy.xpath: //h1[contains(text(),'Groups')]
19:20:45.554 [Test worker] INFO  com.tran16.tests.TestBase - By.xpath: //h1[contains(text(),'Groups')]found
elementBy.name: selected[]
19:20:45.571 [Test worker] INFO  com.tran16.tests.TestBase - By.name: selected[]found
elementBy.cssSelector: span.group
19:20:45.585 [Test worker] INFO  com.tran16.tests.TestBase - By.cssSelector: span.groupfound
elementBy.tagName: input
19:20:45.629 [Test worker] INFO  com.tran16.tests.TestBase - By.tagName: inputfound
elementBy.tagName: input
19:20:45.682 [Test worker] INFO  com.tran16.tests.TestBase - By.tagName: inputfound
elementBy.tagName: input
19:20:45.744 [Test worker] INFO  com.tran16.tests.TestBase - By.tagName: inputfound
elementBy.tagName: input
19:20:45.813 [Test worker] INFO  com.tran16.tests.TestBase - By.tagName: inputfound
[Groupid=0, name='testGroupName1'}, Groupid=0, name='testGroupName1'}, Groupid=0, name='testGroupName1'}, Groupid=0, name='testGroupName10000000000000000000000000'}]
elementBy.name: selected[]
19:20:45.834 [Test worker] INFO  com.tran16.tests.TestBase - By.name: selected[]found
elementBy.name: delete
19:20:45.906 [Test worker] INFO  com.tran16.tests.TestBase - By.name: deletefound
elementBy.linkText: group page
19:20:46.071 [Test worker] INFO  com.tran16.tests.TestBase - By.linkText: group pagefound
elementBy.cssSelector: span.group
19:20:48.222 [Test worker] INFO  com.tran16.tests.TestBase - By.cssSelector: span.groupfound
elementBy.tagName: input
19:20:48.274 [Test worker] INFO  com.tran16.tests.TestBase - By.tagName: inputfound
elementBy.tagName: input
19:20:48.332 [Test worker] INFO  com.tran16.tests.TestBase - By.tagName: inputfound
elementBy.tagName: input
19:20:48.389 [Test worker] INFO  com.tran16.tests.TestBase - By.tagName: inputfound
[Groupid=0, name='testGroupName1'}, Groupid=0, name='testGroupName1'}, Groupid=0, name='testGroupName1'}]
]]></system-out>
  <system-err><![CDATA[]]></system-err>
</testsuite>
