<?xml version="1.0" encoding="UTF-8"?>
<testsuite name="com.tran16.tests.GroupDeletionTest" tests="3" skipped="0" failures="0" errors="0" timestamp="2018-08-19T19:04:35" hostname="DESKTOP-KFEGBU6" time="8.351">
  <properties/>
  <testcase name="deletionFirstGroupTest" classname="com.tran16.tests.GroupDeletionTest" time="2.996"/>
  <testcase name="deletionGroupTest2" classname="com.tran16.tests.GroupDeletionTest" time="2.53"/>
  <testcase name="deletionLastGroupTest" classname="com.tran16.tests.GroupDeletionTest" time="2.823"/>
  <system-out><![CDATA[[Groupid=0, name='modifiedTestGroupName1'}, Groupid=0, name='testGroupName1'}, Groupid=0, name='testGroupName1'}, Groupid=0, name='testGroupName1'}, Groupid=0, name='testGroupName10000000000000000000000000'}]
[Groupid=0, name='testGroupName1'}, Groupid=0, name='testGroupName1'}, Groupid=0, name='testGroupName1'}, Groupid=0, name='testGroupName10000000000000000000000000'}]
[Groupid=0, name='testGroupName1'}, Groupid=0, name='testGroupName1'}, Groupid=0, name='testGroupName10000000000000000000000000'}]
[Groupid=0, name='testGroupName1'}, Groupid=0, name='testGroupName1'}]
]]></system-out>
  <system-err><![CDATA[]]></system-err>
</testsuite>
