<?xml version="1.0" encoding="UTF-8"?>
<testsuite name="com.tran16.tests.TestLogin" tests="2" skipped="0" failures="0" errors="0" timestamp="2018-08-25T16:21:10" hostname="DESKTOP-KFEGBU6" time="6.71">
  <properties/>
  <testcase name="loginTest" classname="com.tran16.tests.TestLogin" time="0.667"/>
  <testcase name="negativeLoginTest" classname="com.tran16.tests.TestLogin" time="5.858"/>
  <system-out><![CDATA[19:21:10.741 [Test worker] INFO  com.tran16.tests.TestBase - Start test loginTest
elementBy.xpath: //a[contains(text(),'Logout')]
19:21:10.773 [Test worker] INFO  com.tran16.tests.TestBase - By.xpath: //a[contains(text(),'Logout')]found
elementBy.name: user
19:21:10.975 [Test worker] INFO  com.tran16.tests.TestBase - By.name: userfound
elementBy.name: user
19:21:11.044 [Test worker] INFO  com.tran16.tests.TestBase - By.name: userfound
elementBy.name: user
19:21:11.084 [Test worker] INFO  com.tran16.tests.TestBase - By.name: userfound
elementBy.name: pass
19:21:11.158 [Test worker] INFO  com.tran16.tests.TestBase - By.name: passfound
elementBy.name: pass
19:21:11.230 [Test worker] INFO  com.tran16.tests.TestBase - By.name: passfound
elementBy.name: pass
19:21:11.275 [Test worker] INFO  com.tran16.tests.TestBase - By.name: passfound
elementBy.cssSelector: [value='Login']
19:21:11.360 [Test worker] INFO  com.tran16.tests.TestBase - By.cssSelector: [value='Login']found
elementBy.xpath: //a[contains(text(),'Logout')]
19:21:11.610 [Test worker] INFO  com.tran16.tests.TestBase - By.xpath: //a[contains(text(),'Logout')]found
elementBy.name: user
19:21:11.816 [Test worker] INFO  com.tran16.tests.TestBase - By.name: userfound
elementBy.name: user
19:21:11.894 [Test worker] INFO  com.tran16.tests.TestBase - By.name: userfound
elementBy.name: user
19:21:11.932 [Test worker] INFO  com.tran16.tests.TestBase - By.name: userfound
elementBy.name: pass
19:21:11.995 [Test worker] INFO  com.tran16.tests.TestBase - By.name: passfound
elementBy.name: pass
19:21:12.065 [Test worker] INFO  com.tran16.tests.TestBase - By.name: passfound
elementBy.name: pass
19:21:12.104 [Test worker] INFO  com.tran16.tests.TestBase - By.name: passfound
elementBy.cssSelector: [value='Login']
19:21:12.164 [Test worker] INFO  com.tran16.tests.TestBase - By.cssSelector: [value='Login']found
elementBy.xpath: //a[contains(text(),'Logout')]
19:21:17.648 [Test worker] ERROR com.tran16.tests.TestBase - ERROR!!!screen-1535214077648.pngorg.openqa.selenium.NoSuchElementException: no such element: Unable to locate element: {"method":"xpath","selector":"//a[contains(text(),'Logout')]"}
  (Session info: chrome=68.0.3440.106)
  (Driver info: chromedriver=2.40.565498 (ea082db3280dd6843ebfb08a625e3eb905c4f5ab),platform=Windows NT 10.0.17134 x86_64) (WARNING: The server did not provide any stacktrace information)
Command duration or timeout: 0 milliseconds
For documentation on this error, please visit: http://seleniumhq.org/exceptions/no_such_element.html
Build info: version: '3.14.0', revision: 'aacccce0', time: '2018-08-02T20:19:58.91Z'
System info: host: 'DESKTOP-KFEGBU6', ip: '192.168.1.14', os.name: 'Windows 10', os.arch: 'amd64', os.version: '10.0', java.version: '1.8.0_171'
Driver info: org.openqa.selenium.chrome.ChromeDriver
Capabilities {acceptInsecureCerts: false, acceptSslCerts: false, applicationCacheEnabled: false, browserConnectionEnabled: false, browserName: chrome, chrome: {chromedriverVersion: 2.40.565498 (ea082db3280dd6..., userDataDir: C:\Users\vodya\AppData\Loca...}, cssSelectorsEnabled: true, databaseEnabled: false, handlesAlerts: true, hasTouchScreen: false, javascriptEnabled: true, locationContextEnabled: true, mobileEmulationEnabled: false, nativeEvents: true, networkConnectionEnabled: false, pageLoadStrategy: normal, platform: XP, platformName: XP, rotatable: false, setWindowRect: true, takesHeapSnapshot: true, takesScreenshot: true, unexpectedAlertBehaviour: , unhandledPromptBehavior: , version: 68.0.3440.106, webStorageEnabled: true}
Session ID: a4dd1ef2209f5e2dd6395a3befcafc2f
*** Element info: {Using=xpath, value=//a[contains(text(),'Logout')]}
]]></system-out>
  <system-err><![CDATA[]]></system-err>
</testsuite>
