<?xml version="1.0" encoding="UTF-8"?>
<testsuite name="com.tran16.tests.GroupCreationTest" tests="3" skipped="0" failures="0" errors="0" timestamp="2018-08-06T17:46:26" hostname="DESKTOP-KFEGBU6" time="14.245">
  <properties/>
  <testcase name="testGroupCreation" classname="com.tran16.tests.GroupCreationTest" time="11.78"/>
  <testcase name="testGroupCreationWithEmptyFields" classname="com.tran16.tests.GroupCreationTest" time="1.091"/>
  <testcase name="testGroupCreationWithLongName" classname="com.tran16.tests.GroupCreationTest" time="1.369"/>
  <system-out><![CDATA[]]></system-out>
  <system-err><![CDATA[]]></system-err>
</testsuite>
